<?xml version="1.0" encoding="UTF-8"?>
<!-- Generated by org.testng.reporters.JUnitXMLReporter -->
<testsuite hostname="dhcp201-111.englab.pnq.redhat.com" name="Default test(failed)" tests="1" failures="1" timestamp="21 Aug 2017 05:24:12 GMT" time="85.193" errors="0">
  <testcase name="caseGroupTests" time="81.748" classname="tests.ExternalUserTests">
    <failure type="org.openqa.selenium.TimeoutException" message="Timed out after 30 seconds waiting for element to be clickable: By.xpath: //li[contains(.,&amp;apos;Delete&amp;apos;)]
Build info: version: &amp;apos;2.53.0&amp;apos;, revision: &amp;apos;35ae25b1534ae328c771e0856c93e187490ca824&amp;apos;, time: &amp;apos;2016-03-15 10:43:46&amp;apos;
System info: host: &amp;apos;dhcp201-111.englab.pnq.redhat.com&amp;apos;, ip: &amp;apos;10.65.201.111&amp;apos;, os.name: &amp;apos;Linux&amp;apos;, os.arch: &amp;apos;amd64&amp;apos;, os.version: &amp;apos;4.8.15-300.fc25.x86_64&amp;apos;, java.version: &amp;apos;1.8.0_111&amp;apos;
Driver info: org.openqa.selenium.firefox.FirefoxDriver
Capabilities [{applicationCacheEnabled=true, rotatable=false, handlesAlerts=true, databaseEnabled=true, version=46.0, platform=LINUX, nativeEvents=false, acceptSslCerts=true, webStorageEnabled=true, locationContextEnabled=true, browserName=firefox, takesScreenshot=true, javascriptEnabled=true, cssSelectorsEnabled=true}]
Session ID: d4c9d39d-6421-4d80-b8fb-5a1139d9ed9f">
      <![CDATA[org.openqa.selenium.TimeoutException: Timed out after 30 seconds waiting for element to be clickable: By.xpath: //li[contains(.,'Delete')]
Build info: version: '2.53.0', revision: '35ae25b1534ae328c771e0856c93e187490ca824', time: '2016-03-15 10:43:46'
System info: host: 'dhcp201-111.englab.pnq.redhat.com', ip: '10.65.201.111', os.name: 'Linux', os.arch: 'amd64', os.version: '4.8.15-300.fc25.x86_64', java.version: '1.8.0_111'
Driver info: org.openqa.selenium.firefox.FirefoxDriver
Capabilities [{applicationCacheEnabled=true, rotatable=false, handlesAlerts=true, databaseEnabled=true, version=46.0, platform=LINUX, nativeEvents=false, acceptSslCerts=true, webStorageEnabled=true, locationContextEnabled=true, browserName=firefox, takesScreenshot=true, javascriptEnabled=true, cssSelectorsEnabled=true}]
Session ID: d4c9d39d-6421-4d80-b8fb-5a1139d9ed9f
	at org.openqa.selenium.support.ui.WebDriverWait.timeoutException(WebDriverWait.java:80)
	at org.openqa.selenium.support.ui.FluentWait.until(FluentWait.java:261)
	at pages.Page.waitFor(Page.java:64)
	at pages.GroupManagementPage.deleteCasegroup(GroupManagementPage.java:74)
	at tests.ExternalUserTests.caseGroupTests(ExternalUserTests.java:38)
... Removed 24 stack frames]]>
    </failure>
  </testcase> <!-- caseGroupTests -->
</testsuite> <!-- Default test(failed) -->
